2022-06-13 23:25:18 INFO  Utils:112 - [TestNG] Running:
  C:\Users\anastasiia\Desktop\epam_lab_HT\Page_Object_HT3\src\test\resources\testng.xml

2022-06-13 23:25:18 INFO  TestListener:39 - I am in onStart method 1 on Mon Jun 13 23:25:18 EEST 2022
2022-06-13 23:25:18 INFO  SmokeTest:36 - BeforeTest in progress.
2022-06-13 23:25:18 INFO  SmokeTest:63 - Running dataProvider testData
2022-06-13 23:25:18 INFO  SmokeTest:43 - BeforeMethod in progress.
2022-06-13 23:25:28 INFO  TestListener:19 - I am in com.epam.lab.SmokeTest method smokeTest start
2022-06-13 23:25:28 INFO  SmokeTest:69 - smokeTest is running
2022-06-13 23:25:28 INFO  SmokeTest:72 - Enter text to text field
2022-06-13 23:25:35 INFO  SmokeTest:79 - Enter brand to search field
2022-06-13 23:25:40 INFO  SmokeTest:86 - Click check box
2022-06-13 23:25:43 INFO  SmokeTest:89 - Click filter dropdown
2022-06-13 23:25:47 INFO  SmokeTest:95 - Click add to cart
2022-06-13 23:25:48 INFO  SmokeTest:99 - Click on cart button
2022-06-13 23:25:49 INFO  TestListener:23 - I am in com.epam.lab.SmokeTest method smokeTest succeed
2022-06-13 23:25:49 INFO  SmokeTest:52 - AfterMethod, driver close.
2022-06-13 23:25:49 WARN  WebSocketHandler:142 - onError
java.net.SocketException: Connection reset
	at java.base/sun.nio.ch.SocketChannelImpl.throwConnectionReset(SocketChannelImpl.java:394)
	at java.base/sun.nio.ch.SocketChannelImpl.read(SocketChannelImpl.java:426)
	at io.netty.buffer.PooledByteBuf.setBytes(PooledByteBuf.java:258)
	at io.netty.buffer.AbstractByteBuf.writeBytes(AbstractByteBuf.java:1132)
	at io.netty.channel.socket.nio.NioSocketChannel.doReadBytes(NioSocketChannel.java:357)
	at io.netty.channel.nio.AbstractNioByteChannel$NioByteUnsafe.read(AbstractNioByteChannel.java:151)
	at io.netty.channel.nio.NioEventLoop.processSelectedKey(NioEventLoop.java:722)
	at io.netty.channel.nio.NioEventLoop.processSelectedKeysOptimized(NioEventLoop.java:658)
	at io.netty.channel.nio.NioEventLoop.processSelectedKeys(NioEventLoop.java:584)
	at io.netty.channel.nio.NioEventLoop.run(NioEventLoop.java:496)
	at io.netty.util.concurrent.SingleThreadEventExecutor$4.run(SingleThreadEventExecutor.java:995)
	at io.netty.util.internal.ThreadExecutorMap$2.run(ThreadExecutorMap.java:74)
	at io.netty.util.concurrent.FastThreadLocalRunnable.run(FastThreadLocalRunnable.java:30)
	at java.base/java.lang.Thread.run(Thread.java:833)
2022-06-13 23:25:49 INFO  TestListener:43 - I am in onFinish method 1 on Mon Jun 13 23:25:49 EEST 2022
2022-06-13 23:25:49 INFO  TestListener:44 - ------------------------------------------------------------------------------------------
2022-06-13 23:25:49 INFO  TestListener:39 - I am in onStart method 2 on Mon Jun 13 23:25:49 EEST 2022
2022-06-13 23:25:49 INFO  TestListener:19 - I am in com.epam.lab.FailureTest method failureTest start
2022-06-13 23:25:49 INFO  FailureTest:14 - Run failure test.
2022-06-13 23:25:49 INFO  TestListener:27 - I am in com.epam.lab.FailureTest method failureTest failed
2022-06-13 23:25:49 INFO  TestListener:43 - I am in onFinish method 2 on Mon Jun 13 23:25:49 EEST 2022
2022-06-13 23:25:49 INFO  TestListener:44 - ------------------------------------------------------------------------------------------
2022-06-13 23:27:01 INFO  Utils:112 - [TestNG] Running:
  C:\Users\anastasiia\Desktop\epam_lab_HT\Page_Object_HT3\src\test\resources\testng.xml

2022-06-13 23:27:01 INFO  TestListener:39 - I am in onStart method Smoke Test Rozetka on Mon Jun 13 23:27:01 EEST 2022
2022-06-13 23:27:01 INFO  SmokeTest:36 - BeforeTest in progress.
2022-06-13 23:27:01 INFO  SmokeTest:63 - Running dataProvider testData
2022-06-13 23:27:01 INFO  SmokeTest:43 - BeforeMethod in progress.
2022-06-13 23:27:10 INFO  TestListener:19 - I am in com.epam.lab.SmokeTest method smokeTest start
2022-06-13 23:27:10 INFO  SmokeTest:69 - smokeTest is running
2022-06-13 23:27:10 INFO  SmokeTest:72 - Enter text to text field
2022-06-13 23:27:18 INFO  SmokeTest:79 - Enter brand to search field
2022-06-13 23:27:22 INFO  SmokeTest:86 - Click check box
2022-06-13 23:27:27 INFO  SmokeTest:89 - Click filter dropdown
2022-06-13 23:27:31 INFO  SmokeTest:95 - Click add to cart
2022-06-13 23:27:32 INFO  SmokeTest:99 - Click on cart button
2022-06-13 23:27:33 INFO  TestListener:23 - I am in com.epam.lab.SmokeTest method smokeTest succeed
2022-06-13 23:27:33 INFO  SmokeTest:52 - AfterMethod, driver close.
2022-06-13 23:27:33 WARN  WebSocketHandler:142 - onError
java.net.SocketException: Connection reset
	at java.base/sun.nio.ch.SocketChannelImpl.throwConnectionReset(SocketChannelImpl.java:394)
	at java.base/sun.nio.ch.SocketChannelImpl.read(SocketChannelImpl.java:426)
	at io.netty.buffer.PooledByteBuf.setBytes(PooledByteBuf.java:258)
	at io.netty.buffer.AbstractByteBuf.writeBytes(AbstractByteBuf.java:1132)
	at io.netty.channel.socket.nio.NioSocketChannel.doReadBytes(NioSocketChannel.java:357)
	at io.netty.channel.nio.AbstractNioByteChannel$NioByteUnsafe.read(AbstractNioByteChannel.java:151)
	at io.netty.channel.nio.NioEventLoop.processSelectedKey(NioEventLoop.java:722)
	at io.netty.channel.nio.NioEventLoop.processSelectedKeysOptimized(NioEventLoop.java:658)
	at io.netty.channel.nio.NioEventLoop.processSelectedKeys(NioEventLoop.java:584)
	at io.netty.channel.nio.NioEventLoop.run(NioEventLoop.java:496)
	at io.netty.util.concurrent.SingleThreadEventExecutor$4.run(SingleThreadEventExecutor.java:995)
	at io.netty.util.internal.ThreadExecutorMap$2.run(ThreadExecutorMap.java:74)
	at io.netty.util.concurrent.FastThreadLocalRunnable.run(FastThreadLocalRunnable.java:30)
	at java.base/java.lang.Thread.run(Thread.java:833)
2022-06-13 23:27:33 INFO  TestListener:43 - I am in onFinish method Smoke Test Rozetka on Mon Jun 13 23:27:33 EEST 2022
2022-06-13 23:27:33 INFO  TestListener:44 - ------------------------------------------------------------------------------------------
2022-06-13 23:27:33 INFO  TestListener:39 - I am in onStart method Failure Test on Mon Jun 13 23:27:33 EEST 2022
2022-06-13 23:27:33 INFO  TestListener:19 - I am in com.epam.lab.FailureTest method failureTest start
2022-06-13 23:27:33 INFO  FailureTest:14 - Run failure test.
2022-06-13 23:27:33 INFO  TestListener:27 - I am in com.epam.lab.FailureTest method failureTest failed
2022-06-13 23:27:34 INFO  TestListener:43 - I am in onFinish method Failure Test on Mon Jun 13 23:27:34 EEST 2022
2022-06-13 23:27:34 INFO  TestListener:44 - ------------------------------------------------------------------------------------------
2022-06-13 23:52:47 INFO  SmokeTest:36 - BeforeTest in progress.
2022-06-13 23:52:47 INFO  FailureTest:14 - Run failure test.
2022-06-13 23:52:48 INFO  SmokeTest:63 - Running dataProvider testData
2022-06-13 23:52:48 INFO  SmokeTest:43 - BeforeMethod in progress.
2022-06-13 23:52:56 INFO  SmokeTest:69 - smokeTest is running
2022-06-13 23:52:57 INFO  SmokeTest:72 - Enter text to text field
2022-06-13 23:53:04 INFO  SmokeTest:79 - Enter brand to search field
2022-06-13 23:53:09 INFO  SmokeTest:86 - Click check box
2022-06-13 23:53:10 INFO  SmokeTest:89 - Click filter dropdown
2022-06-13 23:53:16 INFO  SmokeTest:95 - Click add to cart
2022-06-13 23:53:17 INFO  SmokeTest:99 - Click on cart button
2022-06-13 23:53:18 INFO  SmokeTest:52 - AfterMethod, driver close.
2022-06-13 23:54:33 INFO  Utils:112 - [TestNG] Running:
  C:\Users\anastasiia\Desktop\epam_lab_HT\Page_Object_HT3\src\test\resources\testng.xml

2022-06-13 23:54:33 INFO  TestListener:39 - I am in onStart method Smoke Test Rozetka on Mon Jun 13 23:54:33 EEST 2022
2022-06-13 23:54:33 INFO  SmokeTest:36 - BeforeTest in progress.
2022-06-13 23:54:33 INFO  SmokeTest:63 - Running dataProvider testData
2022-06-13 23:54:33 INFO  SmokeTest:43 - BeforeMethod in progress.
2022-06-13 23:54:40 INFO  TestListener:19 - I am in com.epam.lab.SmokeTest method smokeTest start
2022-06-13 23:54:40 INFO  SmokeTest:69 - smokeTest is running
2022-06-13 23:54:40 INFO  SmokeTest:72 - Enter text to text field
2022-06-13 23:54:47 INFO  SmokeTest:79 - Enter brand to search field
2022-06-13 23:54:52 INFO  SmokeTest:86 - Click check box
2022-06-13 23:54:55 INFO  SmokeTest:89 - Click filter dropdown
2022-06-13 23:54:59 INFO  SmokeTest:95 - Click add to cart
2022-06-13 23:55:00 INFO  SmokeTest:99 - Click on cart button
2022-06-13 23:55:01 INFO  TestListener:23 - I am in com.epam.lab.SmokeTest method smokeTest succeed
2022-06-13 23:55:01 INFO  SmokeTest:52 - AfterMethod, driver close.
2022-06-13 23:55:01 WARN  WebSocketHandler:142 - onError
java.net.SocketException: Connection reset
	at java.base/sun.nio.ch.SocketChannelImpl.throwConnectionReset(SocketChannelImpl.java:394)
	at java.base/sun.nio.ch.SocketChannelImpl.read(SocketChannelImpl.java:426)
	at io.netty.buffer.PooledByteBuf.setBytes(PooledByteBuf.java:258)
	at io.netty.buffer.AbstractByteBuf.writeBytes(AbstractByteBuf.java:1132)
	at io.netty.channel.socket.nio.NioSocketChannel.doReadBytes(NioSocketChannel.java:357)
	at io.netty.channel.nio.AbstractNioByteChannel$NioByteUnsafe.read(AbstractNioByteChannel.java:151)
	at io.netty.channel.nio.NioEventLoop.processSelectedKey(NioEventLoop.java:722)
	at io.netty.channel.nio.NioEventLoop.processSelectedKeysOptimized(NioEventLoop.java:658)
	at io.netty.channel.nio.NioEventLoop.processSelectedKeys(NioEventLoop.java:584)
	at io.netty.channel.nio.NioEventLoop.run(NioEventLoop.java:496)
	at io.netty.util.concurrent.SingleThreadEventExecutor$4.run(SingleThreadEventExecutor.java:995)
	at io.netty.util.internal.ThreadExecutorMap$2.run(ThreadExecutorMap.java:74)
	at io.netty.util.concurrent.FastThreadLocalRunnable.run(FastThreadLocalRunnable.java:30)
	at java.base/java.lang.Thread.run(Thread.java:833)
2022-06-13 23:55:02 INFO  TestListener:43 - I am in onFinish method Smoke Test Rozetka on Mon Jun 13 23:55:02 EEST 2022
2022-06-13 23:55:02 INFO  TestListener:44 - ------------------------------------------------------------------------------------------
2022-06-13 23:55:02 INFO  TestListener:39 - I am in onStart method Failure Test on Mon Jun 13 23:55:02 EEST 2022
2022-06-13 23:55:02 INFO  TestListener:19 - I am in com.epam.lab.FailureTest method failureTest start
2022-06-13 23:55:02 INFO  FailureTest:14 - Run failure test.
2022-06-13 23:55:02 INFO  TestListener:27 - I am in com.epam.lab.FailureTest method failureTest failed
2022-06-13 23:55:02 INFO  TestListener:43 - I am in onFinish method Failure Test on Mon Jun 13 23:55:02 EEST 2022
2022-06-13 23:55:02 INFO  TestListener:44 - ------------------------------------------------------------------------------------------
2022-06-13 23:59:13 INFO  TestListener:39 - I am in onStart method Smoke Test Rozetka on Mon Jun 13 23:59:13 EEST 2022
2022-06-13 23:59:13 INFO  SmokeTest:36 - BeforeTest in progress.
2022-06-13 23:59:13 INFO  SmokeTest:63 - Running dataProvider testData
2022-06-13 23:59:13 INFO  SmokeTest:43 - BeforeMethod in progress.
2022-06-13 23:59:21 INFO  TestListener:19 - I am in com.epam.lab.SmokeTest method smokeTest start
2022-06-13 23:59:21 INFO  SmokeTest:69 - smokeTest is running
2022-06-13 23:59:21 INFO  SmokeTest:72 - Enter text to text field
2022-06-13 23:59:28 INFO  SmokeTest:79 - Enter brand to search field
2022-06-13 23:59:32 INFO  SmokeTest:86 - Click check box
2022-06-13 23:59:36 INFO  SmokeTest:89 - Click filter dropdown
2022-06-13 23:59:39 INFO  SmokeTest:95 - Click add to cart
2022-06-13 23:59:40 INFO  SmokeTest:99 - Click on cart button
2022-06-13 23:59:41 INFO  TestListener:23 - I am in com.epam.lab.SmokeTest method smokeTest succeed
2022-06-13 23:59:41 INFO  SmokeTest:52 - AfterMethod, driver close.
2022-06-13 23:59:41 INFO  TestListener:43 - I am in onFinish method Smoke Test Rozetka on Mon Jun 13 23:59:41 EEST 2022
2022-06-13 23:59:41 INFO  TestListener:44 - ------------------------------------------------------------------------------------------
2022-06-13 23:59:41 INFO  TestListener:39 - I am in onStart method Failure Test on Mon Jun 13 23:59:41 EEST 2022
2022-06-13 23:59:41 INFO  TestListener:19 - I am in com.epam.lab.FailureTest method failureTest start
2022-06-13 23:59:41 INFO  FailureTest:14 - Run failure test.
2022-06-13 23:59:41 INFO  TestListener:27 - I am in com.epam.lab.FailureTest method failureTest failed
2022-06-13 23:59:41 INFO  TestListener:43 - I am in onFinish method Failure Test on Mon Jun 13 23:59:41 EEST 2022
2022-06-13 23:59:41 INFO  TestListener:44 - ------------------------------------------------------------------------------------------
2022-06-14 00:01:52 INFO  TestListener:39 - I am in onStart method Smoke Test Rozetka on Tue Jun 14 00:01:52 EEST 2022
2022-06-14 00:01:52 INFO  SmokeTest:36 - BeforeTest in progress.
2022-06-14 00:01:52 INFO  SmokeTest:63 - Running dataProvider testData
2022-06-14 00:01:52 INFO  SmokeTest:43 - BeforeMethod in progress.
2022-06-14 00:02:00 INFO  TestListener:19 - I am in com.epam.lab.SmokeTest method smokeTest start
2022-06-14 00:02:00 INFO  SmokeTest:69 - smokeTest is running
2022-06-14 00:02:00 INFO  SmokeTest:72 - Enter text to text field
2022-06-14 00:02:07 INFO  SmokeTest:79 - Enter brand to search field
2022-06-14 00:02:11 INFO  SmokeTest:86 - Click check box
2022-06-14 00:02:14 INFO  SmokeTest:89 - Click filter dropdown
2022-06-14 00:02:18 INFO  SmokeTest:95 - Click add to cart
2022-06-14 00:02:19 INFO  SmokeTest:99 - Click on cart button
2022-06-14 00:02:20 INFO  TestListener:23 - I am in com.epam.lab.SmokeTest method smokeTest succeed
2022-06-14 00:02:20 INFO  SmokeTest:52 - AfterMethod, driver close.
2022-06-14 00:02:20 INFO  TestListener:43 - I am in onFinish method Smoke Test Rozetka on Tue Jun 14 00:02:20 EEST 2022
2022-06-14 00:02:20 INFO  TestListener:44 - ------------------------------------------------------------------------------------------
2022-06-14 00:02:20 INFO  TestListener:39 - I am in onStart method Failure Test on Tue Jun 14 00:02:20 EEST 2022
2022-06-14 00:02:20 INFO  TestListener:19 - I am in com.epam.lab.FailureTest method failureTest start
2022-06-14 00:02:20 INFO  FailureTest:14 - Run failure test.
2022-06-14 00:02:20 INFO  TestListener:27 - I am in com.epam.lab.FailureTest method failureTest failed
2022-06-14 00:02:20 INFO  TestListener:43 - I am in onFinish method Failure Test on Tue Jun 14 00:02:20 EEST 2022
2022-06-14 00:02:20 INFO  TestListener:44 - ------------------------------------------------------------------------------------------
2022-06-14 00:03:30 INFO  TestListener:39 - I am in onStart method Smoke Test Rozetka on Tue Jun 14 00:03:30 EEST 2022
2022-06-14 00:03:30 INFO  SmokeTest:36 - BeforeTest in progress.
2022-06-14 00:03:30 INFO  SmokeTest:63 - Running dataProvider testData
2022-06-14 00:03:30 INFO  SmokeTest:43 - BeforeMethod in progress.
2022-06-14 00:03:38 INFO  TestListener:19 - I am in com.epam.lab.SmokeTest method smokeTest start
2022-06-14 00:03:38 INFO  SmokeTest:69 - smokeTest is running
2022-06-14 00:03:38 INFO  SmokeTest:72 - Enter text to text field
2022-06-14 00:03:46 INFO  SmokeTest:79 - Enter brand to search field
2022-06-14 00:03:50 INFO  SmokeTest:86 - Click check box
2022-06-14 00:03:52 INFO  SmokeTest:89 - Click filter dropdown
2022-06-14 00:03:58 INFO  SmokeTest:95 - Click add to cart
2022-06-14 00:03:59 INFO  SmokeTest:99 - Click on cart button
2022-06-14 00:04:00 INFO  TestListener:23 - I am in com.epam.lab.SmokeTest method smokeTest succeed
2022-06-14 00:04:00 INFO  SmokeTest:52 - AfterMethod, driver close.
2022-06-14 00:04:00 INFO  TestListener:43 - I am in onFinish method Smoke Test Rozetka on Tue Jun 14 00:04:00 EEST 2022
2022-06-14 00:04:00 INFO  TestListener:44 - ------------------------------------------------------------------------------------------
2022-06-14 00:04:00 INFO  TestListener:39 - I am in onStart method Failure Test on Tue Jun 14 00:04:00 EEST 2022
2022-06-14 00:04:00 INFO  TestListener:19 - I am in com.epam.lab.FailureTest method failureTest start
2022-06-14 00:04:00 INFO  FailureTest:14 - Run failure test.
2022-06-14 00:04:00 INFO  TestListener:27 - I am in com.epam.lab.FailureTest method failureTest failed
2022-06-14 00:04:00 INFO  TestListener:43 - I am in onFinish method Failure Test on Tue Jun 14 00:04:00 EEST 2022
2022-06-14 00:04:00 INFO  TestListener:44 - ------------------------------------------------------------------------------------------
2022-06-14 00:06:11 INFO  Utils:112 - [TestNG] Running:
  C:\Users\anastasiia\Desktop\epam_lab_HT\Page_Object_HT3\src\test\resources\testng.xml

2022-06-14 00:06:11 INFO  TestListener:39 - I am in onStart method Smoke Test Rozetka on Tue Jun 14 00:06:11 EEST 2022
2022-06-14 00:06:11 INFO  SmokeTest:36 - BeforeTest in progress.
2022-06-14 00:06:11 INFO  SmokeTest:63 - Running dataProvider testData
2022-06-14 00:06:11 INFO  SmokeTest:43 - BeforeMethod in progress.
2022-06-14 00:06:19 INFO  TestListener:19 - I am in com.epam.lab.SmokeTest method smokeTest start
2022-06-14 00:06:19 INFO  SmokeTest:69 - smokeTest is running
2022-06-14 00:06:19 INFO  SmokeTest:72 - Enter text to text field
2022-06-14 00:06:25 INFO  SmokeTest:79 - Enter brand to search field
2022-06-14 00:06:30 INFO  SmokeTest:86 - Click check box
2022-06-14 00:06:30 INFO  SmokeTest:89 - Click filter dropdown
2022-06-14 00:06:37 INFO  SmokeTest:95 - Click add to cart
2022-06-14 00:06:38 INFO  SmokeTest:99 - Click on cart button
2022-06-14 00:06:39 INFO  TestListener:23 - I am in com.epam.lab.SmokeTest method smokeTest succeed
2022-06-14 00:06:39 INFO  SmokeTest:52 - AfterMethod, driver close.
2022-06-14 00:06:39 WARN  WebSocketHandler:142 - onError
java.net.SocketException: Connection reset
	at java.base/sun.nio.ch.SocketChannelImpl.throwConnectionReset(SocketChannelImpl.java:394)
	at java.base/sun.nio.ch.SocketChannelImpl.read(SocketChannelImpl.java:426)
	at io.netty.buffer.PooledByteBuf.setBytes(PooledByteBuf.java:258)
	at io.netty.buffer.AbstractByteBuf.writeBytes(AbstractByteBuf.java:1132)
	at io.netty.channel.socket.nio.NioSocketChannel.doReadBytes(NioSocketChannel.java:357)
	at io.netty.channel.nio.AbstractNioByteChannel$NioByteUnsafe.read(AbstractNioByteChannel.java:151)
	at io.netty.channel.nio.NioEventLoop.processSelectedKey(NioEventLoop.java:722)
	at io.netty.channel.nio.NioEventLoop.processSelectedKeysOptimized(NioEventLoop.java:658)
	at io.netty.channel.nio.NioEventLoop.processSelectedKeys(NioEventLoop.java:584)
	at io.netty.channel.nio.NioEventLoop.run(NioEventLoop.java:496)
	at io.netty.util.concurrent.SingleThreadEventExecutor$4.run(SingleThreadEventExecutor.java:995)
	at io.netty.util.internal.ThreadExecutorMap$2.run(ThreadExecutorMap.java:74)
	at io.netty.util.concurrent.FastThreadLocalRunnable.run(FastThreadLocalRunnable.java:30)
	at java.base/java.lang.Thread.run(Thread.java:833)
2022-06-14 00:06:39 INFO  TestListener:43 - I am in onFinish method Smoke Test Rozetka on Tue Jun 14 00:06:39 EEST 2022
2022-06-14 00:06:39 INFO  TestListener:44 - ------------------------------------------------------------------------------------------
2022-06-14 00:06:39 INFO  TestListener:39 - I am in onStart method Failure Test on Tue Jun 14 00:06:39 EEST 2022
2022-06-14 00:06:39 INFO  TestListener:19 - I am in com.epam.lab.FailureTest method failureTest start
2022-06-14 00:06:39 INFO  FailureTest:14 - Run failure test.
2022-06-14 00:06:39 INFO  TestListener:27 - I am in com.epam.lab.FailureTest method failureTest failed
2022-06-14 00:06:39 INFO  TestListener:43 - I am in onFinish method Failure Test on Tue Jun 14 00:06:39 EEST 2022
2022-06-14 00:06:39 INFO  TestListener:44 - ------------------------------------------------------------------------------------------
2022-06-15 22:55:38 INFO  TestListener:39 - I am in onStart method Smoke Test Rozetka on Wed Jun 15 22:55:38 EEST 2022
2022-06-15 22:55:38 INFO  SmokeTest:36 - BeforeTest in progress.
2022-06-15 22:55:38 INFO  SmokeTest:63 - Running dataProvider testData
2022-06-15 22:55:38 INFO  SmokeTest:43 - BeforeMethod in progress.
2022-06-15 22:55:52 INFO  TestListener:19 - I am in com.epam.lab.SmokeTest method smokeTest start
2022-06-15 22:55:52 INFO  SmokeTest:69 - smokeTest is running
2022-06-15 22:55:52 INFO  SmokeTest:72 - Enter text to text field
2022-06-15 22:55:58 INFO  SmokeTest:79 - Enter brand to search field
2022-06-15 22:56:03 INFO  SmokeTest:86 - Click check box
2022-06-15 22:56:06 INFO  SmokeTest:89 - Click filter dropdown
2022-06-15 22:56:11 INFO  SmokeTest:95 - Click add to cart
2022-06-15 22:56:12 INFO  SmokeTest:99 - Click on cart button
2022-06-15 22:56:13 INFO  TestListener:23 - I am in com.epam.lab.SmokeTest method smokeTest succeed
2022-06-15 22:56:13 INFO  SmokeTest:52 - AfterMethod, driver close.
2022-06-15 22:56:17 INFO  TestListener:43 - I am in onFinish method Smoke Test Rozetka on Wed Jun 15 22:56:17 EEST 2022
2022-06-15 22:56:17 INFO  TestListener:44 - ------------------------------------------------------------------------------------------
2022-06-15 22:56:18 INFO  TestListener:39 - I am in onStart method Failure Test on Wed Jun 15 22:56:18 EEST 2022
2022-06-15 22:56:18 INFO  TestListener:19 - I am in com.epam.lab.FailureTest method failureTest start
2022-06-15 22:56:18 INFO  FailureTest:14 - Run failure test.
2022-06-15 22:56:18 INFO  TestListener:27 - I am in com.epam.lab.FailureTest method failureTest failed
2022-06-15 22:56:18 INFO  TestListener:43 - I am in onFinish method Failure Test on Wed Jun 15 22:56:18 EEST 2022
2022-06-15 22:56:18 INFO  TestListener:44 - ------------------------------------------------------------------------------------------
2022-06-15 22:59:03 INFO  Utils:112 - [TestNG] Running:
  C:\Users\anastasiia\Desktop\epam_lab_HT\Page_Object_HT3\src\test\resources\testng.xml

2022-06-15 22:59:03 INFO  TestListener:39 - I am in onStart method Smoke Test Rozetka on Wed Jun 15 22:59:03 EEST 2022
2022-06-15 22:59:03 INFO  SmokeTest:36 - BeforeTest in progress.
2022-06-15 22:59:03 INFO  SmokeTest:63 - Running dataProvider testData
2022-06-15 22:59:03 INFO  SmokeTest:43 - BeforeMethod in progress.
2022-06-15 22:59:10 INFO  TestListener:19 - I am in com.epam.lab.SmokeTest method smokeTest start
2022-06-15 22:59:10 INFO  SmokeTest:69 - smokeTest is running
2022-06-15 22:59:11 INFO  SmokeTest:72 - Enter text to text field
2022-06-15 22:59:18 INFO  SmokeTest:79 - Enter brand to search field
2022-06-15 22:59:22 INFO  SmokeTest:86 - Click check box
2022-06-15 22:59:27 INFO  SmokeTest:89 - Click filter dropdown
2022-06-15 22:59:32 INFO  SmokeTest:95 - Click add to cart
2022-06-15 22:59:33 INFO  SmokeTest:99 - Click on cart button
2022-06-15 22:59:34 INFO  TestListener:23 - I am in com.epam.lab.SmokeTest method smokeTest succeed
2022-06-15 22:59:34 INFO  SmokeTest:52 - AfterMethod, driver close.
2022-06-15 22:59:34 WARN  WebSocketHandler:142 - onError
java.net.SocketException: Connection reset
	at java.base/sun.nio.ch.SocketChannelImpl.throwConnectionReset(SocketChannelImpl.java:394)
	at java.base/sun.nio.ch.SocketChannelImpl.read(SocketChannelImpl.java:426)
	at io.netty.buffer.PooledByteBuf.setBytes(PooledByteBuf.java:258)
	at io.netty.buffer.AbstractByteBuf.writeBytes(AbstractByteBuf.java:1132)
	at io.netty.channel.socket.nio.NioSocketChannel.doReadBytes(NioSocketChannel.java:357)
	at io.netty.channel.nio.AbstractNioByteChannel$NioByteUnsafe.read(AbstractNioByteChannel.java:151)
	at io.netty.channel.nio.NioEventLoop.processSelectedKey(NioEventLoop.java:722)
	at io.netty.channel.nio.NioEventLoop.processSelectedKeysOptimized(NioEventLoop.java:658)
	at io.netty.channel.nio.NioEventLoop.processSelectedKeys(NioEventLoop.java:584)
	at io.netty.channel.nio.NioEventLoop.run(NioEventLoop.java:496)
	at io.netty.util.concurrent.SingleThreadEventExecutor$4.run(SingleThreadEventExecutor.java:995)
	at io.netty.util.internal.ThreadExecutorMap$2.run(ThreadExecutorMap.java:74)
	at io.netty.util.concurrent.FastThreadLocalRunnable.run(FastThreadLocalRunnable.java:30)
	at java.base/java.lang.Thread.run(Thread.java:833)
2022-06-15 22:59:34 INFO  TestListener:43 - I am in onFinish method Smoke Test Rozetka on Wed Jun 15 22:59:34 EEST 2022
2022-06-15 22:59:34 INFO  TestListener:44 - ------------------------------------------------------------------------------------------
2022-06-15 23:04:42 INFO  TestListener:39 - I am in onStart method Smoke Test Rozetka on Wed Jun 15 23:04:42 EEST 2022
2022-06-15 23:04:42 INFO  SmokeTest:36 - BeforeTest in progress.
2022-06-15 23:04:42 INFO  SmokeTest:63 - Running dataProvider testData
2022-06-15 23:04:42 INFO  SmokeTest:43 - BeforeMethod in progress.
2022-06-15 23:04:54 INFO  TestListener:19 - I am in com.epam.lab.SmokeTest method smokeTest start
2022-06-15 23:04:54 INFO  SmokeTest:69 - smokeTest is running
2022-06-15 23:04:55 INFO  SmokeTest:72 - Enter text to text field
2022-06-15 23:05:01 INFO  SmokeTest:79 - Enter brand to search field
2022-06-15 23:05:06 INFO  SmokeTest:86 - Click check box
2022-06-15 23:05:09 INFO  SmokeTest:89 - Click filter dropdown
2022-06-15 23:05:13 INFO  SmokeTest:95 - Click add to cart
2022-06-15 23:05:14 INFO  SmokeTest:99 - Click on cart button
2022-06-15 23:05:15 INFO  TestListener:23 - I am in com.epam.lab.SmokeTest method smokeTest succeed
2022-06-15 23:05:15 INFO  SmokeTest:52 - AfterMethod, driver close.
2022-06-15 23:05:15 INFO  TestListener:43 - I am in onFinish method Smoke Test Rozetka on Wed Jun 15 23:05:15 EEST 2022
2022-06-15 23:05:15 INFO  TestListener:44 - ------------------------------------------------------------------------------------------
2022-06-15 23:05:16 ERROR Main:165 - C:\Users\anastasiia\Desktop\epam_lab_HT\Page_Object_HT3\target\surefire-reports\jquery-3.6.0.min.js
java.nio.file.FileAlreadyExistsException: C:\Users\anastasiia\Desktop\epam_lab_HT\Page_Object_HT3\target\surefire-reports\jquery-3.6.0.min.js
	at java.base/sun.nio.fs.WindowsException.translateToIOException(WindowsException.java:87)
	at java.base/sun.nio.fs.WindowsException.rethrowAsIOException(WindowsException.java:103)
	at java.base/sun.nio.fs.WindowsException.rethrowAsIOException(WindowsException.java:108)
	at java.base/sun.nio.fs.WindowsFileSystemProvider.newByteChannel(WindowsFileSystemProvider.java:235)
	at java.base/java.nio.file.spi.FileSystemProvider.newOutputStream(FileSystemProvider.java:478)
	at java.base/java.nio.file.Files.newOutputStream(Files.java:220)
	at java.base/java.nio.file.Files.copy(Files.java:3067)
	at org.testng.reporters.jq.Main.generateReport(Main.java:93)
	at org.testng.TestNG.generateReports(TestNG.java:1134)
	at org.testng.TestNG.run(TestNG.java:1072)
	at org.apache.maven.surefire.testng.TestNGExecutor.run(TestNGExecutor.java:281)
	at org.apache.maven.surefire.testng.TestNGXmlTestSuite.execute(TestNGXmlTestSuite.java:75)
	at org.apache.maven.surefire.testng.TestNGProvider.invoke(TestNGProvider.java:121)
	at org.apache.maven.surefire.booter.ForkedBooter.invokeProviderInSameClassLoader(ForkedBooter.java:290)
	at org.apache.maven.surefire.booter.ForkedBooter.runSuitesInProcess(ForkedBooter.java:242)
	at org.apache.maven.surefire.booter.ForkedBooter.main(ForkedBooter.java:121)
2022-06-15 23:19:08 INFO  TestListener:39 - I am in onStart method Smoke Test Rozetka on Wed Jun 15 23:19:08 EEST 2022
2022-06-15 23:19:08 INFO  SmokeTest:36 - BeforeTest in progress.
2022-06-15 23:19:08 INFO  SmokeTest:63 - Running dataProvider testData
2022-06-15 23:19:08 INFO  SmokeTest:43 - BeforeMethod in progress.
2022-06-15 23:19:24 INFO  TestListener:19 - I am in com.epam.lab.SmokeTest method smokeTest start
2022-06-15 23:19:24 INFO  SmokeTest:69 - smokeTest is running
2022-06-15 23:19:24 INFO  SmokeTest:72 - Enter text to text field
2022-06-15 23:19:31 INFO  SmokeTest:79 - Enter brand to search field
2022-06-15 23:19:35 INFO  SmokeTest:86 - Click check box
2022-06-15 23:19:40 INFO  SmokeTest:89 - Click filter dropdown
2022-06-15 23:19:45 INFO  SmokeTest:95 - Click add to cart
2022-06-15 23:19:46 INFO  SmokeTest:99 - Click on cart button
2022-06-15 23:19:47 INFO  TestListener:23 - I am in com.epam.lab.SmokeTest method smokeTest succeed
2022-06-15 23:19:47 INFO  SmokeTest:52 - AfterMethod, driver close.
2022-06-15 23:19:47 INFO  TestListener:43 - I am in onFinish method Smoke Test Rozetka on Wed Jun 15 23:19:47 EEST 2022
2022-06-15 23:19:47 INFO  TestListener:44 - ------------------------------------------------------------------------------------------
2022-06-15 23:19:47 INFO  TestListener:39 - I am in onStart method Failure Test on Wed Jun 15 23:19:47 EEST 2022
2022-06-15 23:19:47 INFO  TestListener:19 - I am in com.epam.lab.FailureTest method failureTest start
2022-06-15 23:19:47 INFO  FailureTest:14 - Run failure test.
2022-06-15 23:19:47 INFO  TestListener:27 - I am in com.epam.lab.FailureTest method failureTest failed
2022-06-15 23:19:47 INFO  TestListener:43 - I am in onFinish method Failure Test on Wed Jun 15 23:19:47 EEST 2022
2022-06-15 23:19:47 INFO  TestListener:44 - ------------------------------------------------------------------------------------------
2022-06-15 23:20:33 INFO  Utils:112 - [TestNG] Running:
  C:\Users\anastasiia\Desktop\epam_lab_HT\Page_Object_HT3\src\test\resources\testng.xml

2022-06-15 23:20:33 INFO  TestListener:39 - I am in onStart method Smoke Test Rozetka on Wed Jun 15 23:20:33 EEST 2022
2022-06-15 23:20:33 INFO  SmokeTest:36 - BeforeTest in progress.
2022-06-15 23:20:33 INFO  SmokeTest:63 - Running dataProvider testData
2022-06-15 23:20:34 INFO  SmokeTest:43 - BeforeMethod in progress.
2022-06-15 23:20:41 INFO  TestListener:19 - I am in com.epam.lab.SmokeTest method smokeTest start
2022-06-15 23:20:41 INFO  SmokeTest:69 - smokeTest is running
2022-06-15 23:20:41 INFO  SmokeTest:72 - Enter text to text field
2022-06-15 23:20:48 INFO  SmokeTest:79 - Enter brand to search field
2022-06-15 23:20:53 INFO  SmokeTest:86 - Click check box
2022-06-15 23:20:58 INFO  SmokeTest:89 - Click filter dropdown
2022-06-15 23:21:03 INFO  SmokeTest:95 - Click add to cart
2022-06-15 23:21:04 INFO  SmokeTest:99 - Click on cart button
2022-06-15 23:21:05 INFO  TestListener:23 - I am in com.epam.lab.SmokeTest method smokeTest succeed
2022-06-15 23:21:05 INFO  SmokeTest:52 - AfterMethod, driver close.
2022-06-15 23:21:05 WARN  WebSocketHandler:142 - onError
java.net.SocketException: Connection reset
	at java.base/sun.nio.ch.SocketChannelImpl.throwConnectionReset(SocketChannelImpl.java:394)
	at java.base/sun.nio.ch.SocketChannelImpl.read(SocketChannelImpl.java:426)
	at io.netty.buffer.PooledByteBuf.setBytes(PooledByteBuf.java:258)
	at io.netty.buffer.AbstractByteBuf.writeBytes(AbstractByteBuf.java:1132)
	at io.netty.channel.socket.nio.NioSocketChannel.doReadBytes(NioSocketChannel.java:357)
	at io.netty.channel.nio.AbstractNioByteChannel$NioByteUnsafe.read(AbstractNioByteChannel.java:151)
	at io.netty.channel.nio.NioEventLoop.processSelectedKey(NioEventLoop.java:722)
	at io.netty.channel.nio.NioEventLoop.processSelectedKeysOptimized(NioEventLoop.java:658)
	at io.netty.channel.nio.NioEventLoop.processSelectedKeys(NioEventLoop.java:584)
	at io.netty.channel.nio.NioEventLoop.run(NioEventLoop.java:496)
	at io.netty.util.concurrent.SingleThreadEventExecutor$4.run(SingleThreadEventExecutor.java:995)
	at io.netty.util.internal.ThreadExecutorMap$2.run(ThreadExecutorMap.java:74)
	at io.netty.util.concurrent.FastThreadLocalRunnable.run(FastThreadLocalRunnable.java:30)
	at java.base/java.lang.Thread.run(Thread.java:833)
2022-06-15 23:21:05 INFO  TestListener:43 - I am in onFinish method Smoke Test Rozetka on Wed Jun 15 23:21:05 EEST 2022
2022-06-15 23:21:05 INFO  TestListener:44 - ------------------------------------------------------------------------------------------
2022-06-15 23:21:05 INFO  TestListener:39 - I am in onStart method Failure Test on Wed Jun 15 23:21:05 EEST 2022
2022-06-15 23:21:05 INFO  TestListener:19 - I am in com.epam.lab.FailureTest method failureTest start
2022-06-15 23:21:05 INFO  FailureTest:14 - Run failure test.
2022-06-15 23:21:05 INFO  TestListener:27 - I am in com.epam.lab.FailureTest method failureTest failed
2022-06-15 23:21:05 INFO  TestListener:43 - I am in onFinish method Failure Test on Wed Jun 15 23:21:05 EEST 2022
2022-06-15 23:21:05 INFO  TestListener:44 - ------------------------------------------------------------------------------------------
2022-06-15 23:21:55 INFO  Utils:112 - [TestNG] Running:
  C:\Users\anastasiia\Desktop\epam_lab_HT\Page_Object_HT3\src\test\resources\testng.xml

2022-06-15 23:21:55 INFO  TestListener:39 - I am in onStart method Smoke Test Rozetka on Wed Jun 15 23:21:55 EEST 2022
2022-06-15 23:21:55 INFO  SmokeTest:36 - BeforeTest in progress.
2022-06-15 23:21:55 INFO  SmokeTest:63 - Running dataProvider testData
2022-06-15 23:21:55 INFO  SmokeTest:43 - BeforeMethod in progress.
2022-06-15 23:22:03 INFO  TestListener:19 - I am in com.epam.lab.SmokeTest method smokeTest start
2022-06-15 23:22:03 INFO  SmokeTest:69 - smokeTest is running
2022-06-15 23:22:03 INFO  SmokeTest:72 - Enter text to text field
2022-06-15 23:22:09 INFO  SmokeTest:79 - Enter brand to search field
2022-06-15 23:22:14 INFO  SmokeTest:86 - Click check box
2022-06-15 23:22:18 INFO  SmokeTest:89 - Click filter dropdown
2022-06-15 23:22:24 INFO  SmokeTest:95 - Click add to cart
2022-06-15 23:22:25 INFO  SmokeTest:99 - Click on cart button
2022-06-15 23:22:26 INFO  TestListener:23 - I am in com.epam.lab.SmokeTest method smokeTest succeed
2022-06-15 23:22:26 INFO  SmokeTest:52 - AfterMethod, driver close.
2022-06-15 23:22:26 WARN  WebSocketHandler:142 - onError
java.net.SocketException: Connection reset
	at java.base/sun.nio.ch.SocketChannelImpl.throwConnectionReset(SocketChannelImpl.java:394)
	at java.base/sun.nio.ch.SocketChannelImpl.read(SocketChannelImpl.java:426)
	at io.netty.buffer.PooledByteBuf.setBytes(PooledByteBuf.java:258)
	at io.netty.buffer.AbstractByteBuf.writeBytes(AbstractByteBuf.java:1132)
	at io.netty.channel.socket.nio.NioSocketChannel.doReadBytes(NioSocketChannel.java:357)
	at io.netty.channel.nio.AbstractNioByteChannel$NioByteUnsafe.read(AbstractNioByteChannel.java:151)
	at io.netty.channel.nio.NioEventLoop.processSelectedKey(NioEventLoop.java:722)
	at io.netty.channel.nio.NioEventLoop.processSelectedKeysOptimized(NioEventLoop.java:658)
	at io.netty.channel.nio.NioEventLoop.processSelectedKeys(NioEventLoop.java:584)
	at io.netty.channel.nio.NioEventLoop.run(NioEventLoop.java:496)
	at io.netty.util.concurrent.SingleThreadEventExecutor$4.run(SingleThreadEventExecutor.java:995)
	at io.netty.util.internal.ThreadExecutorMap$2.run(ThreadExecutorMap.java:74)
	at io.netty.util.concurrent.FastThreadLocalRunnable.run(FastThreadLocalRunnable.java:30)
	at java.base/java.lang.Thread.run(Thread.java:833)
2022-06-15 23:22:26 INFO  TestListener:43 - I am in onFinish method Smoke Test Rozetka on Wed Jun 15 23:22:26 EEST 2022
2022-06-15 23:22:26 INFO  TestListener:44 - ------------------------------------------------------------------------------------------
2022-06-15 23:22:26 INFO  TestListener:39 - I am in onStart method Failure Test on Wed Jun 15 23:22:26 EEST 2022
2022-06-15 23:22:26 INFO  TestListener:19 - I am in com.epam.lab.FailureTest method failureTest start
2022-06-15 23:22:26 INFO  FailureTest:14 - Run failure test.
2022-06-15 23:22:26 INFO  TestListener:27 - I am in com.epam.lab.FailureTest method failureTest failed
2022-06-15 23:22:27 INFO  TestListener:43 - I am in onFinish method Failure Test on Wed Jun 15 23:22:27 EEST 2022
2022-06-15 23:22:27 INFO  TestListener:44 - ------------------------------------------------------------------------------------------
2022-06-16 13:22:05 INFO  TestListener:39 - I am in onStart method Smoke Test Rozetka on Thu Jun 16 13:22:05 EEST 2022
2022-06-16 13:22:05 INFO  SmokeTest:36 - BeforeTest in progress.
2022-06-16 13:22:05 INFO  SmokeTest:63 - Running dataProvider testData
2022-06-16 13:22:05 INFO  SmokeTest:43 - BeforeMethod in progress.
2022-06-16 13:22:17 INFO  TestListener:19 - I am in com.epam.lab.SmokeTest method smokeTest start
2022-06-16 13:22:17 INFO  SmokeTest:69 - smokeTest is running
2022-06-16 13:22:17 INFO  SmokeTest:72 - Enter text to text field
2022-06-16 13:22:24 INFO  SmokeTest:79 - Enter brand to search field
2022-06-16 13:22:28 INFO  SmokeTest:86 - Click check box
2022-06-16 13:22:30 INFO  SmokeTest:89 - Click filter dropdown
2022-06-16 13:22:36 INFO  SmokeTest:95 - Click add to cart
2022-06-16 13:22:36 INFO  SmokeTest:99 - Click on cart button
2022-06-16 13:22:38 INFO  TestListener:23 - I am in com.epam.lab.SmokeTest method smokeTest succeed
2022-06-16 13:22:38 INFO  SmokeTest:52 - AfterMethod, driver close.
2022-06-16 13:22:38 INFO  TestListener:43 - I am in onFinish method Smoke Test Rozetka on Thu Jun 16 13:22:38 EEST 2022
2022-06-16 13:22:38 INFO  TestListener:44 - ------------------------------------------------------------------------------------------
2022-06-16 13:22:38 INFO  TestListener:39 - I am in onStart method Failure Test on Thu Jun 16 13:22:38 EEST 2022
2022-06-16 13:22:38 INFO  TestListener:19 - I am in com.epam.lab.FailureTest method failureTest start
2022-06-16 13:22:38 INFO  FailureTest:14 - Run failure test.
2022-06-16 13:22:38 INFO  TestListener:27 - I am in com.epam.lab.FailureTest method failureTest failed
2022-06-16 13:22:38 INFO  TestListener:43 - I am in onFinish method Failure Test on Thu Jun 16 13:22:38 EEST 2022
2022-06-16 13:22:38 INFO  TestListener:44 - ------------------------------------------------------------------------------------------
2022-06-19 00:37:56 INFO  SmokeTest:36 - BeforeTest in progress.
2022-06-19 00:37:57 INFO  FailureTest:14 - Run failure test.
2022-06-19 00:37:57 INFO  SmokeTest:63 - Running dataProvider testData
2022-06-19 00:37:57 INFO  SmokeTest:43 - BeforeMethod in progress.
2022-06-19 00:38:14 INFO  SmokeTest:69 - smokeTest is running
2022-06-19 00:38:14 INFO  SmokeTest:72 - Enter text to text field
2022-06-19 00:38:25 INFO  SmokeTest:79 - Enter brand to search field
2022-06-19 00:38:29 INFO  SmokeTest:86 - Click check box
2022-06-19 00:38:33 INFO  SmokeTest:89 - Click filter dropdown
2022-06-19 00:38:40 INFO  SmokeTest:95 - Click add to cart
2022-06-19 00:38:41 INFO  SmokeTest:99 - Click on cart button
2022-06-19 00:38:42 INFO  SmokeTest:52 - AfterMethod, driver close.
2022-06-19 00:52:35 INFO  SmokeTest:36 - BeforeTest in progress.
2022-06-19 00:52:35 INFO  FailureTest:14 - Run failure test.
2022-06-19 00:52:36 INFO  SmokeTest:63 - Running dataProvider testData
2022-06-19 00:52:36 INFO  SmokeTest:43 - BeforeMethod in progress.
2022-06-19 00:53:06 INFO  SmokeTest:69 - smokeTest is running
2022-06-19 00:53:06 INFO  SmokeTest:72 - Enter text to text field
2022-06-19 00:53:18 INFO  SmokeTest:79 - Enter brand to search field
2022-06-19 00:53:25 INFO  SmokeTest:86 - Click check box
2022-06-19 00:53:29 INFO  SmokeTest:89 - Click filter dropdown
2022-06-19 00:53:33 INFO  SmokeTest:95 - Click add to cart
2022-06-19 00:53:34 INFO  SmokeTest:99 - Click on cart button
2022-06-19 00:53:35 INFO  SmokeTest:52 - AfterMethod, driver close.
2022-06-19 01:13:43 INFO  TestListener:39 - I am in onStart method Smoke Test Rozetka on Sun Jun 19 01:13:43 EEST 2022
2022-06-19 01:13:43 INFO  SmokeTest:36 - BeforeTest in progress.
2022-06-19 01:13:43 INFO  SmokeTest:63 - Running dataProvider testData
2022-06-19 01:13:43 INFO  SmokeTest:43 - BeforeMethod in progress.
2022-06-19 01:13:53 INFO  TestListener:19 - I am in com.epam.lab.SmokeTest method smokeTest start
2022-06-19 01:13:53 INFO  SmokeTest:69 - smokeTest is running
2022-06-19 01:13:53 INFO  SmokeTest:72 - Enter text to text field
2022-06-19 01:14:00 INFO  SmokeTest:79 - Enter brand to search field
2022-06-19 01:14:04 INFO  SmokeTest:86 - Click check box
2022-06-19 01:14:08 INFO  SmokeTest:89 - Click filter dropdown
2022-06-19 01:14:12 INFO  SmokeTest:95 - Click add to cart
2022-06-19 01:14:13 INFO  SmokeTest:99 - Click on cart button
2022-06-19 01:14:14 INFO  TestListener:23 - I am in com.epam.lab.SmokeTest method smokeTest succeed
2022-06-19 01:14:14 INFO  SmokeTest:52 - AfterMethod, driver close.
2022-06-19 01:14:14 INFO  TestListener:43 - I am in onFinish method Smoke Test Rozetka on Sun Jun 19 01:14:14 EEST 2022
2022-06-19 01:14:14 INFO  TestListener:44 - ------------------------------------------------------------------------------------------
2022-06-19 01:34:50 INFO  TestListener:52 - I am in onStart method Smoke Test Rozetka on Sun Jun 19 01:34:50 EEST 2022
2022-06-19 01:34:50 INFO  SmokeTest:39 - BeforeTest in progress.
2022-06-19 01:34:50 INFO  SmokeTest:66 - Running dataProvider testData
2022-06-19 01:34:50 INFO  SmokeTest:46 - BeforeMethod in progress.
2022-06-19 01:35:03 INFO  TestListener:26 - I am in com.epam.lab.SmokeTest method smokeTest start
2022-06-19 01:35:03 INFO  SmokeTest:76 - smokeTest is running
2022-06-19 01:35:03 INFO  SmokeTest:79 - Enter text to text field
2022-06-19 01:35:10 INFO  SmokeTest:86 - Enter brand to search field
2022-06-19 01:35:14 INFO  SmokeTest:93 - Click check box
2022-06-19 01:35:18 INFO  SmokeTest:96 - Click filter dropdown
2022-06-19 01:35:22 INFO  SmokeTest:102 - Click add to cart
2022-06-19 01:35:23 INFO  SmokeTest:106 - Click on cart button
2022-06-19 01:35:24 ERROR AllureLifecycle:609 - Could not add attachment: no test is running
2022-06-19 01:35:24 INFO  TestListener:36 - I am in com.epam.lab.SmokeTest method smokeTest succeed
2022-06-19 01:35:24 INFO  SmokeTest:55 - AfterMethod, driver close.
2022-06-19 01:35:24 INFO  TestListener:56 - I am in onFinish method Smoke Test Rozetka on Sun Jun 19 01:35:24 EEST 2022
2022-06-19 01:35:24 INFO  TestListener:57 - ------------------------------------------------------------------------------------------
2022-06-19 01:38:21 INFO  TestListener:52 - I am in onStart method Smoke Test Rozetka on Sun Jun 19 01:38:21 EEST 2022
2022-06-19 01:38:21 INFO  SmokeTest:39 - BeforeTest in progress.
2022-06-19 01:38:21 INFO  SmokeTest:66 - Running dataProvider testData
2022-06-19 01:38:21 INFO  SmokeTest:46 - BeforeMethod in progress.
2022-06-19 01:38:29 INFO  TestListener:26 - I am in com.epam.lab.SmokeTest method smokeTest start
2022-06-19 01:38:29 INFO  SmokeTest:76 - smokeTest is running
2022-06-19 01:38:29 INFO  SmokeTest:79 - Enter text to text field
2022-06-19 01:38:36 INFO  SmokeTest:86 - Enter brand to search field
2022-06-19 01:38:40 INFO  SmokeTest:93 - Click check box
2022-06-19 01:38:44 INFO  SmokeTest:96 - Click filter dropdown
2022-06-19 01:38:50 INFO  SmokeTest:102 - Click add to cart
2022-06-19 01:38:51 INFO  SmokeTest:106 - Click on cart button
2022-06-19 01:38:52 ERROR AllureLifecycle:609 - Could not add attachment: no test is running
2022-06-19 01:38:52 INFO  TestListener:36 - I am in com.epam.lab.SmokeTest method smokeTest succeed
2022-06-19 01:38:52 INFO  SmokeTest:55 - AfterMethod, driver close.
2022-06-19 01:38:52 INFO  TestListener:56 - I am in onFinish method Smoke Test Rozetka on Sun Jun 19 01:38:52 EEST 2022
2022-06-19 01:38:52 INFO  TestListener:57 - ------------------------------------------------------------------------------------------
2022-06-19 01:41:07 INFO  TestListener:52 - I am in onStart method Smoke Test Rozetka on Sun Jun 19 01:41:07 EEST 2022
2022-06-19 01:41:07 INFO  SmokeTest:41 - BeforeTest in progress.
2022-06-19 01:41:07 INFO  SmokeTest:68 - Running dataProvider testData
2022-06-19 01:41:07 INFO  SmokeTest:48 - BeforeMethod in progress.
2022-06-19 01:41:18 INFO  TestListener:26 - I am in com.epam.lab.SmokeTest method smokeTest start
2022-06-19 01:41:18 INFO  SmokeTest:86 - smokeTest is running
2022-06-19 01:41:18 INFO  SmokeTest:89 - Enter text to text field
2022-06-19 01:41:25 INFO  SmokeTest:96 - Enter brand to search field
2022-06-19 01:41:30 INFO  SmokeTest:103 - Click check box
2022-06-19 01:41:33 INFO  SmokeTest:106 - Click filter dropdown
2022-06-19 01:41:37 INFO  SmokeTest:112 - Click add to cart
2022-06-19 01:41:38 INFO  SmokeTest:116 - Click on cart button
2022-06-19 01:41:40 INFO  SmokeTest:77 - Take screenshot in the end of the test.
2022-06-19 01:41:40 ERROR AllureLifecycle:609 - Could not add attachment: no test is running
2022-06-19 01:41:40 INFO  TestListener:36 - I am in com.epam.lab.SmokeTest method smokeTest succeed
2022-06-19 01:41:40 INFO  SmokeTest:57 - AfterMethod, driver close.
2022-06-19 01:41:40 INFO  TestListener:56 - I am in onFinish method Smoke Test Rozetka on Sun Jun 19 01:41:40 EEST 2022
2022-06-19 01:41:40 INFO  TestListener:57 - ------------------------------------------------------------------------------------------
2022-06-19 01:43:52 INFO  TestListener:46 - I am in onStart method Smoke Test Rozetka on Sun Jun 19 01:43:52 EEST 2022
2022-06-19 01:43:52 INFO  SmokeTest:41 - BeforeTest in progress.
2022-06-19 01:43:53 INFO  SmokeTest:68 - Running dataProvider testData
2022-06-19 01:43:53 INFO  SmokeTest:48 - BeforeMethod in progress.
2022-06-19 01:44:00 INFO  TestListener:26 - I am in com.epam.lab.SmokeTest method smokeTest start
2022-06-19 01:44:00 INFO  SmokeTest:86 - smokeTest is running
2022-06-19 01:44:00 INFO  SmokeTest:89 - Enter text to text field
2022-06-19 01:44:07 INFO  SmokeTest:96 - Enter brand to search field
2022-06-19 01:44:12 INFO  SmokeTest:103 - Click check box
2022-06-19 01:44:12 INFO  SmokeTest:106 - Click filter dropdown
2022-06-19 01:44:21 INFO  SmokeTest:112 - Click add to cart
2022-06-19 01:44:22 INFO  SmokeTest:116 - Click on cart button
2022-06-19 01:44:24 INFO  SmokeTest:77 - Take screenshot in the end of the test.
2022-06-19 01:44:24 INFO  TestListener:30 - I am in com.epam.lab.SmokeTest method smokeTest succeed
2022-06-19 01:44:24 INFO  SmokeTest:57 - AfterMethod, driver close.
2022-06-19 01:44:24 INFO  TestListener:50 - I am in onFinish method Smoke Test Rozetka on Sun Jun 19 01:44:24 EEST 2022
2022-06-19 01:44:24 INFO  TestListener:51 - ------------------------------------------------------------------------------------------
2022-06-19 01:44:24 INFO  TestListener:46 - I am in onStart method Failure Test on Sun Jun 19 01:44:24 EEST 2022
2022-06-19 01:44:24 INFO  TestListener:26 - I am in com.epam.lab.FailureTest method failureTest start
2022-06-19 01:44:24 INFO  FailureTest:23 - Run failure test.
2022-06-19 01:44:24 INFO  TestListener:34 - I am in com.epam.lab.FailureTest method failureTest failed
2022-06-19 01:44:24 INFO  TestListener:50 - I am in onFinish method Failure Test on Sun Jun 19 01:44:24 EEST 2022
2022-06-19 01:44:24 INFO  TestListener:51 - ------------------------------------------------------------------------------------------
